<?xml version="1.0" encoding="UTF-8"?>
<!-- Generated by org.testng.reporters.JUnitReportReporter -->
<testsuite hostname="LAPTOP-PC7PRG3C" failures="0" tests="1" name="com.flipkart.FlipkartTv" time="0.146" errors="0" timestamp="27 Feb 2022 18:11:45 GMT" skipped="0">
  <testcase classname="com.flipkart.FlipkartTv" name="loginpage" time="0.146"/>
</testsuite> <!-- com.flipkart.FlipkartTv -->
