<?xml version="1.0" encoding="UTF-8"?>
<!-- Generated by org.testng.reporters.JUnitReportReporter -->
<testsuite hostname="LAPTOP-PC7PRG3C" failures="0" tests="1" name="com.flipkartStock.Snapdealtask1" time="0.010" errors="0" timestamp="28 Feb 2022 08:54:53 GMT" skipped="0">
  <testcase classname="com.flipkartStock.Snapdealtask1" name="login" time="0.010"/>
</testsuite> <!-- com.flipkartStock.Snapdealtask1 -->
