<?xml version="1.0" encoding="UTF-8"?>
<!-- Generated by org.testng.reporters.JUnitReportReporter -->
<testsuite hostname="LAPTOP-PC7PRG3C" failures="0" tests="5" name="com.flipkart.Flipkart2" time="5.180" errors="0" timestamp="27 Feb 2022 18:14:21 GMT" skipped="0">
  <testcase classname="com.flipkart.Flipkart2" name="login" time="0.186"/>
  <testcase classname="com.flipkart.Flipkart2" name="Validation1" time="2.438"/>
  <testcase classname="com.flipkart.Flipkart2" name="Validation2" time="0.379"/>
  <testcase classname="com.flipkart.Flipkart2" name="Excelread" time="0.031"/>
  <testcase classname="com.flipkart.Flipkart2" name="Screenshot" time="2.146"/>
</testsuite> <!-- com.flipkart.Flipkart2 -->
