<?xml version="1.0" encoding="UTF-8"?>
<!-- Generated by org.testng.reporters.JUnitReportReporter -->
<testsuite hostname="LAPTOP-PC7PRG3C" failures="0" tests="1" name="com.flipkartStock.Snapdealtask2" time="0.003" errors="0" timestamp="28 Feb 2022 09:57:47 GMT" skipped="0">
  <testcase classname="com.flipkartStock.Snapdealtask2" name="login" time="0.003"/>
</testsuite> <!-- com.flipkartStock.Snapdealtask2 -->
